<?xml version="1.0" encoding="UTF-8"?>
<robot generator="Robot 7.0.1 (Python 3.12.5 on darwin)" generated="2024-12-16T11:28:56.307825" rpa="false" schemaversion="5">
<suite id="s1" name="Editmass A1 (default)" source="/Users/guntz/Desktop/editmass/art_editmass/testcases/Editmass_A1_(default).robot">
<kw name="Login dohome and click web art(Edit Mass) A2" owner="common_art" type="SETUP">
<kw name="Open browser web url for mac" owner="common_art">
<kw name="Open Browser" owner="SeleniumLibrary">
<msg time="2024-12-16T11:28:57.022834" level="INFO">Opening browser 'chrome' to base url 'https://web-dohome-center-uat.dohome.technology/app/home'.</msg>
<arg>${url}</arg>
<arg>browser=${browserName}</arg>
<arg>options=binary_location=r"/usr/local/bin/chrome-mac-x64/Google Chrome for Testing"</arg>
<doc>Opens a new browser instance to the optional ``url``.</doc>
<status status="PASS" start="2024-12-16T11:28:57.022300" elapsed="3.368479"/>
</kw>
<arg>${url_dohome}</arg>
<arg>chrome</arg>
<status status="PASS" start="2024-12-16T11:28:57.021581" elapsed="3.370541"/>
</kw>
<kw name="Maximize Browser Window" owner="SeleniumLibrary">
<doc>Maximizes current browser window.</doc>
<status status="PASS" start="2024-12-16T11:29:00.393715" elapsed="0.399747"/>
</kw>
<kw name="Wait And Wait Until Element Contains" owner="common_art">
<kw name="Wait Until Keyword Succeeds" owner="BuiltIn">
<kw name="Wait Until Element Contains" owner="SeleniumLibrary">
<arg>${locator}</arg>
<arg>${text}</arg>
<doc>Waits until the element ``locator`` contains ``text``.</doc>
<status status="PASS" start="2024-12-16T11:29:00.796331" elapsed="0.309145"/>
</kw>
<arg>3x</arg>
<arg>1s</arg>
<arg>Wait Until Element Contains</arg>
<arg>${locator}</arg>
<arg>${text}</arg>
<doc>Runs the specified keyword and retries if it fails.</doc>
<status status="PASS" start="2024-12-16T11:29:00.795530" elapsed="0.310250"/>
</kw>
<arg>//button[text()='เข้าสู่ระบบ']</arg>
<arg>เข้าสู่ระบบ</arg>
<status status="PASS" start="2024-12-16T11:29:00.794030" elapsed="0.312075"/>
</kw>
<kw name="Wait And Click Element" owner="common_art">
<kw name="Wait Until Keyword Succeeds" owner="BuiltIn">
<kw name="Click Element with Delay" owner="common_art">
<kw name="Click Element" owner="SeleniumLibrary">
<msg time="2024-12-16T11:29:01.108646" level="INFO">Clicking element '//button[text()='เข้าสู่ระบบ']'.</msg>
<arg>${locator}</arg>
<doc>Click the element identified by ``locator``.</doc>
<status status="PASS" start="2024-12-16T11:29:01.108293" elapsed="0.419904"/>
</kw>
<kw name="Sleep" owner="BuiltIn">
<msg time="2024-12-16T11:29:02.532240" level="INFO">Slept 1 second.</msg>
<arg>1s</arg>
<doc>Pauses the test executed for the given time.</doc>
<status status="PASS" start="2024-12-16T11:29:01.528768" elapsed="1.003714"/>
</kw>
<arg>${locator}</arg>
<status status="PASS" start="2024-12-16T11:29:01.107773" elapsed="1.424904"/>
</kw>
<arg>3x</arg>
<arg>0.8s</arg>
<arg>Click Element with Delay</arg>
<arg>${locator}</arg>
<doc>Runs the specified keyword and retries if it fails.</doc>
<status status="PASS" start="2024-12-16T11:29:01.107137" elapsed="1.425652"/>
</kw>
<arg>//button[text()='เข้าสู่ระบบ']</arg>
<status status="PASS" start="2024-12-16T11:29:01.106547" elapsed="1.426523"/>
</kw>
<kw name="Wait And Wait Until Element Contains" owner="common_art">
<kw name="Wait Until Keyword Succeeds" owner="BuiltIn">
<kw name="Wait Until Element Contains" owner="SeleniumLibrary">
<arg>${locator}</arg>
<arg>${text}</arg>
<doc>Waits until the element ``locator`` contains ``text``.</doc>
<status status="PASS" start="2024-12-16T11:29:02.534403" elapsed="0.025021"/>
</kw>
<arg>3x</arg>
<arg>1s</arg>
<arg>Wait Until Element Contains</arg>
<arg>${locator}</arg>
<arg>${text}</arg>
<doc>Runs the specified keyword and retries if it fails.</doc>
<status status="PASS" start="2024-12-16T11:29:02.533852" elapsed="0.025823"/>
</kw>
<arg>//*[@class="text-2xl text-primary font-bold"]</arg>
<arg>เข้าสู่ระบบ</arg>
<status status="PASS" start="2024-12-16T11:29:02.533341" elapsed="0.026529"/>
</kw>
<kw name="Wait And Click Element" owner="common_art">
<kw name="Wait Until Keyword Succeeds" owner="BuiltIn">
<kw name="Click Element with Delay" owner="common_art">
<kw name="Click Element" owner="SeleniumLibrary">
<msg time="2024-12-16T11:29:02.561862" level="INFO">Clicking element '//input[@name="username"]'.</msg>
<arg>${locator}</arg>
<doc>Click the element identified by ``locator``.</doc>
<status status="PASS" start="2024-12-16T11:29:02.561451" elapsed="0.167916"/>
</kw>
<kw name="Sleep" owner="BuiltIn">
<msg time="2024-12-16T11:29:03.733014" level="INFO">Slept 1 second.</msg>
<arg>1s</arg>
<doc>Pauses the test executed for the given time.</doc>
<status status="PASS" start="2024-12-16T11:29:02.730283" elapsed="1.003115"/>
</kw>
<arg>${locator}</arg>
<status status="PASS" start="2024-12-16T11:29:02.561060" elapsed="1.172644"/>
</kw>
<arg>3x</arg>
<arg>0.8s</arg>
<arg>Click Element with Delay</arg>
<arg>${locator}</arg>
<doc>Runs the specified keyword and retries if it fails.</doc>
<status status="PASS" start="2024-12-16T11:29:02.560617" elapsed="1.173237"/>
</kw>
<arg>//input[@name="username"]</arg>
<status status="PASS" start="2024-12-16T11:29:02.560212" elapsed="1.173777"/>
</kw>
<kw name="Wait And Input Text with Delay" owner="common_art">
<kw name="Wait Until Keyword Succeeds" owner="BuiltIn">
<kw name="Input Text with Delay" owner="common_art">
<kw name="Input Text" owner="SeleniumLibrary">
<msg time="2024-12-16T11:29:03.736785" level="INFO">Typing text '1050607' into text field '//input[@name="username"]'.</msg>
<arg>${locator}</arg>
<arg>${text}</arg>
<doc>Types the given ``text`` into the text field identified by ``locator``.</doc>
<status status="PASS" start="2024-12-16T11:29:03.735993" elapsed="0.204125"/>
</kw>
<kw name="Sleep" owner="BuiltIn">
<msg time="2024-12-16T11:29:05.442696" level="INFO">Slept 1 second 500 milliseconds.</msg>
<arg>1.5s</arg>
<doc>Pauses the test executed for the given time.</doc>
<status status="PASS" start="2024-12-16T11:29:03.940494" elapsed="1.502435"/>
</kw>
<arg>${locator}</arg>
<arg>${text}</arg>
<status status="PASS" start="2024-12-16T11:29:03.735265" elapsed="1.707839"/>
</kw>
<arg>3x</arg>
<arg>0.8s</arg>
<arg>Input Text with Delay</arg>
<arg>${locator}</arg>
<arg>${text}</arg>
<doc>Runs the specified keyword and retries if it fails.</doc>
<status status="PASS" start="2024-12-16T11:29:03.734870" elapsed="1.708364"/>
</kw>
<arg>//input[@name="username"]</arg>
<arg>${user_editmass_A2}</arg>
<status status="PASS" start="2024-12-16T11:29:03.734333" elapsed="1.709037"/>
</kw>
<kw name="Wait And Click Element" owner="common_art">
<kw name="Wait Until Keyword Succeeds" owner="BuiltIn">
<kw name="Click Element with Delay" owner="common_art">
<kw name="Click Element" owner="SeleniumLibrary">
<msg time="2024-12-16T11:29:05.446851" level="INFO">Clicking element '//input[@name="password"]'.</msg>
<arg>${locator}</arg>
<doc>Click the element identified by ``locator``.</doc>
<status status="PASS" start="2024-12-16T11:29:05.446209" elapsed="0.079393"/>
</kw>
<kw name="Sleep" owner="BuiltIn">
<msg time="2024-12-16T11:29:06.527254" level="INFO">Slept 1 second.</msg>
<arg>1s</arg>
<doc>Pauses the test executed for the given time.</doc>
<status status="PASS" start="2024-12-16T11:29:05.526071" elapsed="1.001402"/>
</kw>
<arg>${locator}</arg>
<status status="PASS" start="2024-12-16T11:29:05.445202" elapsed="1.082493"/>
</kw>
<arg>3x</arg>
<arg>0.8s</arg>
<arg>Click Element with Delay</arg>
<arg>${locator}</arg>
<doc>Runs the specified keyword and retries if it fails.</doc>
<status status="PASS" start="2024-12-16T11:29:05.444670" elapsed="1.083170"/>
</kw>
<arg>//input[@name="password"]</arg>
<status status="PASS" start="2024-12-16T11:29:05.443837" elapsed="1.084127"/>
</kw>
<kw name="Wait And Input Text with Delay" owner="common_art">
<kw name="Wait Until Keyword Succeeds" owner="BuiltIn">
<kw name="Input Text with Delay" owner="common_art">
<kw name="Input Text" owner="SeleniumLibrary">
<msg time="2024-12-16T11:29:06.530409" level="INFO">Typing text 'D0h0me*1' into text field '//input[@name="password"]'.</msg>
<arg>${locator}</arg>
<arg>${text}</arg>
<doc>Types the given ``text`` into the text field identified by ``locator``.</doc>
<status status="PASS" start="2024-12-16T11:29:06.530044" elapsed="0.167968"/>
</kw>
<kw name="Sleep" owner="BuiltIn">
<msg time="2024-12-16T11:29:08.199929" level="INFO">Slept 1 second 500 milliseconds.</msg>
<arg>1.5s</arg>
<doc>Pauses the test executed for the given time.</doc>
<status status="PASS" start="2024-12-16T11:29:06.698779" elapsed="1.501442"/>
</kw>
<arg>${locator}</arg>
<arg>${text}</arg>
<status status="PASS" start="2024-12-16T11:29:06.529307" elapsed="1.671088"/>
</kw>
<arg>3x</arg>
<arg>0.8s</arg>
<arg>Input Text with Delay</arg>
<arg>${locator}</arg>
<arg>${text}</arg>
<doc>Runs the specified keyword and retries if it fails.</doc>
<status status="PASS" start="2024-12-16T11:29:06.528780" elapsed="1.671766"/>
</kw>
<arg>//input[@name="password"]</arg>
<arg>${pass}</arg>
<status status="PASS" start="2024-12-16T11:29:06.528232" elapsed="1.672452"/>
</kw>
<kw name="Wait And Click Element" owner="common_art">
<kw name="Wait Until Keyword Succeeds" owner="BuiltIn">
<kw name="Click Element with Delay" owner="common_art">
<kw name="Click Element" owner="SeleniumLibrary">
<msg time="2024-12-16T11:29:08.202476" level="INFO">Clicking element '//button[@type="submit"][ text()='เข้าสู่ระบบ']'.</msg>
<arg>${locator}</arg>
<doc>Click the element identified by ``locator``.</doc>
<status status="PASS" start="2024-12-16T11:29:08.202138" elapsed="0.106657"/>
</kw>
<kw name="Sleep" owner="BuiltIn">
<msg time="2024-12-16T11:29:09.314063" level="INFO">Slept 1 second.</msg>
<arg>1s</arg>
<doc>Pauses the test executed for the given time.</doc>
<status status="PASS" start="2024-12-16T11:29:08.312842" elapsed="1.001700"/>
</kw>
<arg>${locator}</arg>
<status status="PASS" start="2024-12-16T11:29:08.201720" elapsed="1.113137"/>
</kw>
<arg>3x</arg>
<arg>0.8s</arg>
<arg>Click Element with Delay</arg>
<arg>${locator}</arg>
<doc>Runs the specified keyword and retries if it fails.</doc>
<status status="PASS" start="2024-12-16T11:29:08.201342" elapsed="1.113872"/>
</kw>
<arg>//button[@type="submit"][ text()='เข้าสู่ระบบ']</arg>
<status status="PASS" start="2024-12-16T11:29:08.200949" elapsed="1.114497"/>
</kw>
<kw name="Wait And Click Element" owner="common_art">
<kw name="Wait Until Keyword Succeeds" owner="BuiltIn">
<kw name="Click Element with Delay" owner="common_art">
<kw name="Click Element" owner="SeleniumLibrary">
<msg time="2024-12-16T11:29:09.317825" level="INFO">Clicking element '//*[@aria-label="ระบบจัดการข้อมูลสินค้า"]'.</msg>
<msg time="2024-12-16T11:29:11.083745" level="INFO" html="true">&lt;/td&gt;&lt;/tr&gt;&lt;tr&gt;&lt;td colspan="3"&gt;&lt;a href="selenium-screenshot-1.png"&gt;&lt;img src="selenium-screenshot-1.png" width="800px"&gt;&lt;/a&gt;</msg>
<msg time="2024-12-16T11:29:11.084942" level="FAIL">ElementClickInterceptedException: Message: element click intercepted: Element &lt;a class="relative inline-flex items-center tap-highlight-transparent outline-none data-[focus-visible=true]:z-10 data-[focus-visible=true]:outline-2 data-[focus-visible=true]:outline-focus data-[focus-visible=true]:outline-offset-2 no-underline hover:opacity-80 active:opacity-disabled transition-opacity text-xs line-clamp-1 text-primary" aria-label="ระบบจัดการข้อมูลสินค้า" role="link" href="https://web-article-master-uat.dohome.technology/?i=79c996646e90ec1426f0ba41bd0c8cc7cd8a2f22757501d9ae48b1dd9ecc02478NS79nMbgOjUaB0hb10yWw5VTqRj717iIBTD385UyyCcPTOTwD67lvkKs5iHfRULnWREtw515fZqkwAOKP9aomm0XznFctpTcxi37Uqh36h0bQGwgE5BKTtSGSGMJdeadZoPzOmOXzd9/XVrgPMyvpbzqubtQoXQuiEHO77wORkMOYbqpGFk2+hMk7Yc90PmnJyPXJ8pPSHjRH7ul+hZNHwdMHs/ddwF1v4uBor9JYfSbw74A/8uGWCb4NTRC5ler/+0sfeaKQ1YAqWZLS2leDP12gmQSPaYnDJutVfR2lPysIIqz4sm0EM84OIvTvrEmXTdKzDxJwkocF5aW7oikNdKSWUYs253Oh5h3WV8GGa4I5WTOlFXwS7+GX/k3u+FdaSODw3XMhO2IJOHMCngVSYoYMXEqHHnttvaIkFV7turBGmFvCCFTuBhRl+EegrO" target="_blank" tabindex="0"&gt;...&lt;/a&gt; is not clickable at point (315, 611). Other element would receive the click: &lt;div class="flex w-screen h-[100dvh] fixed inset-0 z-50 overflow-x-auto justify-center [--scale-enter:100%] [--scale-exit:100%] [--slide-enter:0px] [--slide-exit:80px] sm:[--scale-enter:100%] sm:[--scale-exit:103%] sm:[--slide-enter:0px] sm:[--slide-exit:0px] items-end sm:items-center" style="opacity: 1; transform: translateY(0px) scale(1.0038) translateZ(0px);"&gt;...&lt;/div&gt;
  (Session info: chrome=131.0.6778.108)
Stacktrace:
0   chromedriver                        0x000000010a46de12 chromedriver + 6696466
1   chromedriver                        0x000000010a465c2a chromedriver + 6663210
2   chromedriver                        0x0000000109e6de3e chromedriver + 405054
3   chromedriver                        0x0000000109ec5fa5 chromedriver + 765861
4   chromedriver                        0x0000000109ec3dd8 chromedriver + 757208
5   chromedriver                        0x0000000109ec0f15 chromedriver + 745237
6   chromedriver                        0x0000000109ec0118 chromedriver + 741656
7   chromedriver                        0x0000000109eb28c3 chromedriver + 686275
8   chromedriver                        0x0000000109ee3872 chromedriver + 886898
9   chromedriver                        0x0000000109eb21c8 chromedriver + 684488
10  chromedriver                        0x0000000109ee3a2e chromedriver + 887342
11  chromedriver                        0x0000000109f063f4 chromedriver + 1029108
12  chromedriver                        0x0000000109ee3613 chromedriver + 886291
13  chromedriver                        0x0000000109eb0950 chromedriver + 678224
14  chromedriver                        0x0000000109eb134e chromedriver + 680782
15  chromedriver                        0x000000010a43b700 chromedriver + 6489856
16  chromedriver                        0x000000010a43e1a9 chromedriver + 6500777
17  chromedriver                        0x000000010a43dccb chromedriver + 6499531
18  chromedriver                        0x000000010a43e635 chromedriver + 6501941
19  chromedriver                        0x000000010a4264b4 chromedriver + 6403252
20  chromedriver                        0x000000010a43e91f chromedriver + 6502687
21  chromedriver                        0x000000010a4178e4 chromedriver + 6342884
22  chromedriver                        0x000000010a456308 chromedriver + 6599432
23  chromedriver                        0x000000010a4564c5 chromedriver + 6599877
24  chromedriver                        0x000000010a4657f8 chromedriver + 6662136
25  libsystem_pthread.dylib             0x00007ff81027d18b _pthread_start + 99
26  libsystem_pthread.dylib             0x00007ff810278ae3 thread_start + 15
</msg>
<arg>${locator}</arg>
<doc>Click the element identified by ``locator``.</doc>
<status status="FAIL" start="2024-12-16T11:29:09.317570" elapsed="1.781238">ElementClickInterceptedException: Message: element click intercepted: Element &lt;a class="relative inline-flex items-center tap-highlight-transparent outline-none data-[focus-visible=true]:z-10 data-[focus-visible=true]:outline-2 data-[focus-visible=true]:outline-focus data-[focus-visible=true]:outline-offset-2 no-underline hover:opacity-80 active:opacity-disabled transition-opacity text-xs line-clamp-1 text-primary" aria-label="ระบบจัดการข้อมูลสินค้า" role="link" href="https://web-article-master-uat.dohome.technology/?i=79c996646e90ec1426f0ba41bd0c8cc7cd8a2f22757501d9ae48b1dd9ecc02478NS79nMbgOjUaB0hb10yWw5VTqRj717iIBTD385UyyCcPTOTwD67lvkKs5iHfRULnWREtw515fZqkwAOKP9aomm0XznFctpTcxi37Uqh36h0bQGwgE5BKTtSGSGMJdeadZoPzOmOXzd9/XVrgPMyvpbzqubtQoXQuiEHO77wORkMOYbqpGFk2+hMk7Yc90PmnJyPXJ8pPSHjRH7ul+hZNHwdMHs/ddwF1v4uBor9JYfSbw74A/8uGWCb4NTRC5ler/+0sfeaKQ1YAqWZLS2leDP12gmQSPaYnDJutVfR2lPysIIqz4sm0EM84OIvTvrEmXTdKzDxJwkocF5aW7oikNdKSWUYs253Oh5h3WV8GGa4I5WTOlFXwS7+GX/k3u+FdaSODw3XMhO2IJOHMCngVSYoYMXEqHHnttvaIkFV7turBGmFvCCFTuBhRl+EegrO" target="_blank" tabindex="0"&gt;...&lt;/a&gt; is not clickable at point (315, 611). Other element would receive the click: &lt;div class="flex w-screen h-[100dvh] fixed inset-0 z-50 overflow-x-auto justify-center [--scale-enter:100%] [--scale-exit:100%] [--slide-enter:0px] [--slide-exit:80px] sm:[--scale-enter:100%] sm:[--scale-exit:103%] sm:[--slide-enter:0px] sm:[--slide-exit:0px] items-end sm:items-center" style="opacity: 1; transform: translateY(0px) scale(1.0038) translateZ(0px);"&gt;...&lt;/div&gt;
    [ Message content over the limit has been removed. ]
16  chromedriver                        0x000000010a43e1a9 chromedriver + 6500777
17  chromedriver                        0x000000010a43dccb chromedriver + 6499531
18  chromedriver                        0x000000010a43e635 chromedriver + 6501941
19  chromedriver                        0x000000010a4264b4 chromedriver + 6403252
20  chromedriver                        0x000000010a43e91f chromedriver + 6502687
21  chromedriver                        0x000000010a4178e4 chromedriver + 6342884
22  chromedriver                        0x000000010a456308 chromedriver + 6599432
23  chromedriver                        0x000000010a4564c5 chromedriver + 6599877
24  chromedriver                        0x000000010a4657f8 chromedriver + 6662136
25  libsystem_pthread.dylib             0x00007ff81027d18b _pthread_start + 99
26  libsystem_pthread.dylib             0x00007ff810278ae3 thread_start + 15</status>
</kw>
<kw name="Sleep" owner="BuiltIn">
<arg>1s</arg>
<doc>Pauses the test executed for the given time.</doc>
<status status="NOT RUN" start="2024-12-16T11:29:11.099572" elapsed="0.000286"/>
</kw>
<arg>${locator}</arg>
<status status="FAIL" start="2024-12-16T11:29:09.317231" elapsed="1.783072">ElementClickInterceptedException: Message: element click intercepted: Element &lt;a class="relative inline-flex items-center tap-highlight-transparent outline-none data-[focus-visible=true]:z-10 data-[focus-visible=true]:outline-2 data-[focus-visible=true]:outline-focus data-[focus-visible=true]:outline-offset-2 no-underline hover:opacity-80 active:opacity-disabled transition-opacity text-xs line-clamp-1 text-primary" aria-label="ระบบจัดการข้อมูลสินค้า" role="link" href="https://web-article-master-uat.dohome.technology/?i=79c996646e90ec1426f0ba41bd0c8cc7cd8a2f22757501d9ae48b1dd9ecc02478NS79nMbgOjUaB0hb10yWw5VTqRj717iIBTD385UyyCcPTOTwD67lvkKs5iHfRULnWREtw515fZqkwAOKP9aomm0XznFctpTcxi37Uqh36h0bQGwgE5BKTtSGSGMJdeadZoPzOmOXzd9/XVrgPMyvpbzqubtQoXQuiEHO77wORkMOYbqpGFk2+hMk7Yc90PmnJyPXJ8pPSHjRH7ul+hZNHwdMHs/ddwF1v4uBor9JYfSbw74A/8uGWCb4NTRC5ler/+0sfeaKQ1YAqWZLS2leDP12gmQSPaYnDJutVfR2lPysIIqz4sm0EM84OIvTvrEmXTdKzDxJwkocF5aW7oikNdKSWUYs253Oh5h3WV8GGa4I5WTOlFXwS7+GX/k3u+FdaSODw3XMhO2IJOHMCngVSYoYMXEqHHnttvaIkFV7turBGmFvCCFTuBhRl+EegrO" target="_blank" tabindex="0"&gt;...&lt;/a&gt; is not clickable at point (315, 611). Other element would receive the click: &lt;div class="flex w-screen h-[100dvh] fixed inset-0 z-50 overflow-x-auto justify-center [--scale-enter:100%] [--scale-exit:100%] [--slide-enter:0px] [--slide-exit:80px] sm:[--scale-enter:100%] sm:[--scale-exit:103%] sm:[--slide-enter:0px] sm:[--slide-exit:0px] items-end sm:items-center" style="opacity: 1; transform: translateY(0px) scale(1.0038) translateZ(0px);"&gt;...&lt;/div&gt;
    [ Message content over the limit has been removed. ]
16  chromedriver                        0x000000010a43e1a9 chromedriver + 6500777
17  chromedriver                        0x000000010a43dccb chromedriver + 6499531
18  chromedriver                        0x000000010a43e635 chromedriver + 6501941
19  chromedriver                        0x000000010a4264b4 chromedriver + 6403252
20  chromedriver                        0x000000010a43e91f chromedriver + 6502687
21  chromedriver                        0x000000010a4178e4 chromedriver + 6342884
22  chromedriver                        0x000000010a456308 chromedriver + 6599432
23  chromedriver                        0x000000010a4564c5 chromedriver + 6599877
24  chromedriver                        0x000000010a4657f8 chromedriver + 6662136
25  libsystem_pthread.dylib             0x00007ff81027d18b _pthread_start + 99
26  libsystem_pthread.dylib             0x00007ff810278ae3 thread_start + 15</status>
</kw>
<kw name="Click Element with Delay" owner="common_art">
<kw name="Click Element" owner="SeleniumLibrary">
<msg time="2024-12-16T11:29:11.902710" level="INFO">Clicking element '//*[@aria-label="ระบบจัดการข้อมูลสินค้า"]'.</msg>
<arg>${locator}</arg>
<doc>Click the element identified by ``locator``.</doc>
<status status="PASS" start="2024-12-16T11:29:11.902200" elapsed="0.223766"/>
</kw>
<kw name="Sleep" owner="BuiltIn">
<msg time="2024-12-16T11:29:13.128472" level="INFO">Slept 1 second.</msg>
<arg>1s</arg>
<doc>Pauses the test executed for the given time.</doc>
<status status="PASS" start="2024-12-16T11:29:12.126682" elapsed="1.002185"/>
</kw>
<arg>${locator}</arg>
<status status="PASS" start="2024-12-16T11:29:11.901610" elapsed="1.227578"/>
</kw>
<arg>3x</arg>
<arg>0.8s</arg>
<arg>Click Element with Delay</arg>
<arg>${locator}</arg>
<doc>Runs the specified keyword and retries if it fails.</doc>
<status status="PASS" start="2024-12-16T11:29:09.316674" elapsed="3.812777"/>
</kw>
<arg>//*[@aria-label="ระบบจัดการข้อมูลสินค้า"]</arg>
<status status="PASS" start="2024-12-16T11:29:09.315860" elapsed="3.813815"/>
</kw>
<kw name="Switch Window" owner="SeleniumLibrary">
<arg>New</arg>
<doc>Switches to browser window matching ``locator``.</doc>
<status status="PASS" start="2024-12-16T11:29:13.130021" elapsed="0.012594"/>
</kw>
<kw name="Maximize Browser Window" owner="SeleniumLibrary">
<doc>Maximizes current browser window.</doc>
<status status="PASS" start="2024-12-16T11:29:13.142951" elapsed="0.252022"/>
</kw>
<kw name="Wait And Wait Until Element Is Visible" owner="common_art">
<kw name="Wait Until Keyword Succeeds" owner="BuiltIn">
<kw name="Wait Until Element Is Visible" owner="SeleniumLibrary">
<msg time="2024-12-16T11:29:13.405443" level="WARN">Keyword 'Capture Page Screenshot' could not be run on failure: Message: no such window: target window already closed
from unknown error: web view not found
  (Session info: chrome=131.0.6778.108)
Stacktrace:
0   chromedriver                        0x000000010a46de12 chromedriver + 6696466
1   chromedriver                        0x000000010a465c2a chromedriver + 6663210
2   chromedriver                        0x0000000109e6de3e chromedriver + 405054
3   chromedriver                        0x0000000109e431fa chromedriver + 229882
4   chromedriver                        0x0000000109eebf9d chromedriver + 921501
5   chromedriver                        0x0000000109f05de4 chromedriver + 1027556
6   chromedriver                        0x0000000109ee3613 chromedriver + 886291
7   chromedriver                        0x0000000109eb0950 chromedriver + 678224
8   chromedriver                        0x0000000109eb134e chromedriver + 680782
9   chromedriver                        0x000000010a43b700 chromedriver + 6489856
10  chromedriver                        0x000000010a43e1a9 chromedriver + 6500777
11  chromedriver                        0x000000010a43dccb chromedriver + 6499531
12  chromedriver                        0x000000010a43e635 chromedriver + 6501941
13  chromedriver                        0x000000010a4264b4 chromedriver + 6403252
14  chromedriver                        0x000000010a43e91f chromedriver + 6502687
15  chromedriver                        0x000000010a4178e4 chromedriver + 6342884
16  chromedriver                        0x000000010a456308 chromedriver + 6599432
17  chromedriver                        0x000000010a4564c5 chromedriver + 6599877
18  chromedriver                        0x000000010a4657f8 chromedriver + 6662136
19  libsystem_pthread.dylib             0x00007ff81027d18b _pthread_start + 99
20  libsystem_pthread.dylib             0x00007ff810278ae3 thread_start + 15
</msg>
<msg time="2024-12-16T11:29:13.407442" level="FAIL">NoSuchWindowException: Message: no such window: target window already closed
from unknown error: web view not found
  (Session info: chrome=131.0.6778.108)
Stacktrace:
0   chromedriver                        0x000000010a46de12 chromedriver + 6696466
1   chromedriver                        0x000000010a465c2a chromedriver + 6663210
2   chromedriver                        0x0000000109e6de3e chromedriver + 405054
3   chromedriver                        0x0000000109e431fa chromedriver + 229882
4   chromedriver                        0x0000000109eebf9d chromedriver + 921501
5   chromedriver                        0x0000000109f05de4 chromedriver + 1027556
6   chromedriver                        0x0000000109ee3613 chromedriver + 886291
7   chromedriver                        0x0000000109eb0950 chromedriver + 678224
8   chromedriver                        0x0000000109eb134e chromedriver + 680782
9   chromedriver                        0x000000010a43b700 chromedriver + 6489856
10  chromedriver                        0x000000010a43e1a9 chromedriver + 6500777
11  chromedriver                        0x000000010a43dccb chromedriver + 6499531
12  chromedriver                        0x000000010a43e635 chromedriver + 6501941
13  chromedriver                        0x000000010a4264b4 chromedriver + 6403252
14  chromedriver                        0x000000010a43e91f chromedriver + 6502687
15  chromedriver                        0x000000010a4178e4 chromedriver + 6342884
16  chromedriver                        0x000000010a456308 chromedriver + 6599432
17  chromedriver                        0x000000010a4564c5 chromedriver + 6599877
18  chromedriver                        0x000000010a4657f8 chromedriver + 6662136
19  libsystem_pthread.dylib             0x00007ff81027d18b _pthread_start + 99
20  libsystem_pthread.dylib             0x00007ff810278ae3 thread_start + 15
